Analysis & Elaboration report for MIPS_Processor_TB
Mon Jun 26 19:27:25 2017
Quartus Prime Version 17.0.0 Build 595 04/25/2017 SJ Lite Edition


---------------------
; Table of Contents ;
---------------------
  1. Legal Notice
  2. Analysis & Elaboration Summary
  3. Parallel Compilation
  4. Analysis & Elaboration Settings
  5. Analysis & Elaboration Messages



----------------
; Legal Notice ;
----------------
Copyright (C) 2017  Intel Corporation. All rights reserved.
Your use of Intel Corporation's design tools, logic functions 
and other software and tools, and its AMPP partner logic 
functions, and any output files from any of the foregoing 
(including device programming or simulation files), and any 
associated documentation or information are expressly subject 
to the terms and conditions of the Intel Program License 
Subscription Agreement, the Intel Quartus Prime License Agreement,
the Intel MegaCore Function License Agreement, or other 
applicable license agreement, including, without limitation, 
that your use is for the sole purpose of programming logic 
devices manufactured by Intel and sold by Intel or its 
authorized distributors.  Please refer to the applicable 
agreement for further details.



+----------------------------------------------------------------------------------+
; Analysis & Elaboration Summary                                                   ;
+------------------------------------+---------------------------------------------+
; Analysis & Elaboration Status      ; Failed - Mon Jun 26 19:27:25 2017           ;
; Quartus Prime Version              ; 17.0.0 Build 595 04/25/2017 SJ Lite Edition ;
; Revision Name                      ; MIPS_Processor_TB                           ;
; Top-level Entity Name              ; MIPS_Processor_TB                           ;
; Family                             ; Cyclone IV E                                ;
; Total logic elements               ; N/A until Partition Merge                   ;
;     Total combinational functions  ; N/A until Partition Merge                   ;
;     Dedicated logic registers      ; N/A until Partition Merge                   ;
; Total registers                    ; N/A until Partition Merge                   ;
; Total pins                         ; N/A until Partition Merge                   ;
; Total virtual pins                 ; N/A until Partition Merge                   ;
; Total memory bits                  ; N/A until Partition Merge                   ;
; Embedded Multiplier 9-bit elements ; N/A until Partition Merge                   ;
; Total PLLs                         ; N/A until Partition Merge                   ;
+------------------------------------+---------------------------------------------+


+------------------------------------------+
; Parallel Compilation                     ;
+----------------------------+-------------+
; Processors                 ; Number      ;
+----------------------------+-------------+
; Number detected on machine ; 4           ;
; Maximum allowed            ; 4           ;
;                            ;             ;
; Average used               ; 1.00        ;
; Maximum used               ; 1           ;
;                            ;             ;
; Usage by Processor         ; % Time Used ;
;     Processor 1            ; 100.0%      ;
+----------------------------+-------------+


+----------------------------------------------------------------------------------------------------------------------+
; Analysis & Elaboration Settings                                                                                      ;
+----------------------------------------------------------------------------+--------------------+--------------------+
; Option                                                                     ; Setting            ; Default Value      ;
+----------------------------------------------------------------------------+--------------------+--------------------+
; Top-level entity name                                                      ; MIPS_Processor_TB  ; MIPS_Processor_TB  ;
; Family name                                                                ; Cyclone IV E       ; Cyclone V          ;
; Use smart compilation                                                      ; Off                ; Off                ;
; Enable parallel Assembler and TimeQuest Timing Analyzer during compilation ; On                 ; On                 ;
; Enable compact report table                                                ; Off                ; Off                ;
; Restructure Multiplexers                                                   ; Auto               ; Auto               ;
; Create Debugging Nodes for IP Cores                                        ; Off                ; Off                ;
; Preserve fewer node names                                                  ; On                 ; On                 ;
; OpenCore Plus hardware evaluation                                          ; Enable             ; Enable             ;
; Verilog Version                                                            ; Verilog_2001       ; Verilog_2001       ;
; VHDL Version                                                               ; VHDL_1993          ; VHDL_1993          ;
; State Machine Processing                                                   ; Auto               ; Auto               ;
; Safe State Machine                                                         ; Off                ; Off                ;
; Extract Verilog State Machines                                             ; On                 ; On                 ;
; Extract VHDL State Machines                                                ; On                 ; On                 ;
; Ignore Verilog initial constructs                                          ; Off                ; Off                ;
; Iteration limit for constant Verilog loops                                 ; 5000               ; 5000               ;
; Iteration limit for non-constant Verilog loops                             ; 250                ; 250                ;
; Add Pass-Through Logic to Inferred RAMs                                    ; On                 ; On                 ;
; Infer RAMs from Raw Logic                                                  ; On                 ; On                 ;
; Parallel Synthesis                                                         ; On                 ; On                 ;
; DSP Block Balancing                                                        ; Auto               ; Auto               ;
; NOT Gate Push-Back                                                         ; On                 ; On                 ;
; Power-Up Don't Care                                                        ; On                 ; On                 ;
; Remove Redundant Logic Cells                                               ; Off                ; Off                ;
; Remove Duplicate Registers                                                 ; On                 ; On                 ;
; Ignore CARRY Buffers                                                       ; Off                ; Off                ;
; Ignore CASCADE Buffers                                                     ; Off                ; Off                ;
; Ignore GLOBAL Buffers                                                      ; Off                ; Off                ;
; Ignore ROW GLOBAL Buffers                                                  ; Off                ; Off                ;
; Ignore LCELL Buffers                                                       ; Off                ; Off                ;
; Ignore SOFT Buffers                                                        ; On                 ; On                 ;
; Limit AHDL Integers to 32 Bits                                             ; Off                ; Off                ;
; Optimization Technique                                                     ; Balanced           ; Balanced           ;
; Carry Chain Length                                                         ; 70                 ; 70                 ;
; Auto Carry Chains                                                          ; On                 ; On                 ;
; Auto Open-Drain Pins                                                       ; On                 ; On                 ;
; Perform WYSIWYG Primitive Resynthesis                                      ; Off                ; Off                ;
; Auto ROM Replacement                                                       ; On                 ; On                 ;
; Auto RAM Replacement                                                       ; On                 ; On                 ;
; Auto DSP Block Replacement                                                 ; On                 ; On                 ;
; Auto Shift Register Replacement                                            ; Auto               ; Auto               ;
; Allow Shift Register Merging across Hierarchies                            ; Auto               ; Auto               ;
; Auto Clock Enable Replacement                                              ; On                 ; On                 ;
; Strict RAM Replacement                                                     ; Off                ; Off                ;
; Allow Synchronous Control Signals                                          ; On                 ; On                 ;
; Force Use of Synchronous Clear Signals                                     ; Off                ; Off                ;
; Auto RAM Block Balancing                                                   ; On                 ; On                 ;
; Auto RAM to Logic Cell Conversion                                          ; Off                ; Off                ;
; Auto Resource Sharing                                                      ; Off                ; Off                ;
; Allow Any RAM Size For Recognition                                         ; Off                ; Off                ;
; Allow Any ROM Size For Recognition                                         ; Off                ; Off                ;
; Allow Any Shift Register Size For Recognition                              ; Off                ; Off                ;
; Use LogicLock Constraints during Resource Balancing                        ; On                 ; On                 ;
; Ignore translate_off and synthesis_off directives                          ; Off                ; Off                ;
; Timing-Driven Synthesis                                                    ; On                 ; On                 ;
; Report Parameter Settings                                                  ; On                 ; On                 ;
; Report Source Assignments                                                  ; On                 ; On                 ;
; Report Connectivity Checks                                                 ; On                 ; On                 ;
; Ignore Maximum Fan-Out Assignments                                         ; Off                ; Off                ;
; Synchronization Register Chain Length                                      ; 2                  ; 2                  ;
; PowerPlay Power Optimization During Synthesis                              ; Normal compilation ; Normal compilation ;
; HDL message level                                                          ; Level2             ; Level2             ;
; Suppress Register Optimization Related Messages                            ; Off                ; Off                ;
; Number of Removed Registers Reported in Synthesis Report                   ; 5000               ; 5000               ;
; Number of Swept Nodes Reported in Synthesis Report                         ; 5000               ; 5000               ;
; Number of Inverted Registers Reported in Synthesis Report                  ; 100                ; 100                ;
; Clock MUX Protection                                                       ; On                 ; On                 ;
; Auto Gated Clock Conversion                                                ; Off                ; Off                ;
; Block Design Naming                                                        ; Auto               ; Auto               ;
; SDC constraint protection                                                  ; Off                ; Off                ;
; Synthesis Effort                                                           ; Auto               ; Auto               ;
; Shift Register Replacement - Allow Asynchronous Clear Signal               ; On                 ; On                 ;
; Pre-Mapping Resynthesis Optimization                                       ; Off                ; Off                ;
; Analysis & Synthesis Message Level                                         ; Medium             ; Medium             ;
; Disable Register Merging Across Hierarchies                                ; Auto               ; Auto               ;
; Resource Aware Inference For Block RAM                                     ; On                 ; On                 ;
+----------------------------------------------------------------------------+--------------------+--------------------+


+---------------------------------+
; Analysis & Elaboration Messages ;
+---------------------------------+
Info: *******************************************************************
Info: Running Quartus Prime Analysis & Elaboration
    Info: Version 17.0.0 Build 595 04/25/2017 SJ Lite Edition
    Info: Processing started: Mon Jun 26 19:26:47 2017
Info: Command: quartus_map --read_settings_files=on --write_settings_files=off Examen2 -c MIPS_Processor_TB --analysis_and_elaboration
Warning (18236): Number of processors has not been specified which may cause overloading on shared machines.  Set the global assignment NUM_PARALLEL_PROCESSORS in your QSF to an appropriate value for best performance.
Info (20030): Parallel compilation is enabled and will use 4 of the 4 processors detected
Info (12021): Found 1 design units, including 1 entities, in source file signextend.v
    Info (12023): Found entity 1: SignExtend File: C:/MIPS_Projects/Examen 2/SignExtend.v Line: 14
Info (12021): Found 1 design units, including 1 entities, in source file shiftleft2.v
    Info (12023): Found entity 1: ShiftLeft2 File: C:/MIPS_Projects/Examen 2/ShiftLeft2.v Line: 12
Info (12021): Found 1 design units, including 1 entities, in source file registerfile.v
    Info (12023): Found entity 1: RegisterFile File: C:/MIPS_Projects/Examen 2/RegisterFile.v Line: 15
Info (12021): Found 1 design units, including 1 entities, in source file register.v
    Info (12023): Found entity 1: Register File: C:/MIPS_Projects/Examen 2/Register.v Line: 12
Info (12021): Found 1 design units, including 1 entities, in source file programmemory.v
    Info (12023): Found entity 1: ProgramMemory File: C:/MIPS_Projects/Examen 2/ProgramMemory.v Line: 15
Info (12021): Found 1 design units, including 1 entities, in source file pc_register.v
    Info (12023): Found entity 1: PC_Register File: C:/MIPS_Projects/Examen 2/PC_Register.v Line: 15
Info (12021): Found 1 design units, including 1 entities, in source file orgate.v
    Info (12023): Found entity 1: ORGate File: C:/MIPS_Projects/Examen 2/ORGate.v Line: 13
Info (12021): Found 1 design units, including 1 entities, in source file muxregisterfile.v
    Info (12023): Found entity 1: MUXRegisterFile File: C:/MIPS_Projects/Examen 2/MUXRegisterFile.v Line: 2
Info (12021): Found 1 design units, including 1 entities, in source file multiplexer2to1.v
    Info (12023): Found entity 1: Multiplexer2to1 File: C:/MIPS_Projects/Examen 2/Multiplexer2to1.v Line: 13
Info (12021): Found 1 design units, including 1 entities, in source file mips_processor.v
    Info (12023): Found entity 1: MIPS_Processor File: C:/MIPS_Projects/Examen 2/MIPS_Processor.v Line: 28
Info (12021): Found 1 design units, including 1 entities, in source file decoderregisterfile.v
    Info (12023): Found entity 1: DecoderRegisterFile File: C:/MIPS_Projects/Examen 2/DecoderRegisterFile.v Line: 12
Info (12021): Found 1 design units, including 1 entities, in source file datamemory.v
    Info (12023): Found entity 1: DataMemory File: C:/MIPS_Projects/Examen 2/DataMemory.v Line: 13
Info (12021): Found 1 design units, including 1 entities, in source file control.v
    Info (12023): Found entity 1: Control File: C:/MIPS_Projects/Examen 2/Control.v Line: 14
Info (12021): Found 1 design units, including 1 entities, in source file andgate.v
    Info (12023): Found entity 1: ANDGate File: C:/MIPS_Projects/Examen 2/ANDGate.v Line: 13
Info (12021): Found 1 design units, including 1 entities, in source file alucontrol.v
    Info (12023): Found entity 1: ALUControl File: C:/MIPS_Projects/Examen 2/ALUControl.v Line: 15
Info (12021): Found 1 design units, including 1 entities, in source file alu.v
    Info (12023): Found entity 1: ALU File: C:/MIPS_Projects/Examen 2/ALU.v Line: 20
Info (12021): Found 1 design units, including 1 entities, in source file adder32bits.v
    Info (12023): Found entity 1: Adder32bits File: C:/MIPS_Projects/Examen 2/Adder32bits.v Line: 13
Warning (12125): Using design file mips_processor_tb.v, which is not specified as a design file for the current project, but contains definitions for 1 design units and 1 entities in project
    Info (12023): Found entity 1: MIPS_Processor_TB File: C:/MIPS_Projects/Examen 2/mips_processor_tb.v Line: 15
Info (12127): Elaborating entity "MIPS_Processor_TB" for the top level hierarchy
Warning (10036): Verilog HDL or VHDL warning at mips_processor_tb.v(18): object "PortIn" assigned a value but never read File: C:/MIPS_Projects/Examen 2/mips_processor_tb.v Line: 18
Error (10119): Verilog HDL Loop Statement error at mips_processor_tb.v(35): loop with non-constant loop condition must terminate within 250 iterations File: C:/MIPS_Projects/Examen 2/mips_processor_tb.v Line: 35
Warning (10855): Verilog HDL warning at mips_processor_tb.v(34): initial value for variable clk should be constant File: C:/MIPS_Projects/Examen 2/mips_processor_tb.v Line: 34
Error (12153): Can't elaborate top-level user hierarchy
Error: Quartus Prime Analysis & Elaboration was unsuccessful. 2 errors, 4 warnings
    Error: Peak virtual memory: 573 megabytes
    Error: Processing ended: Mon Jun 26 19:27:25 2017
    Error: Elapsed time: 00:00:38
    Error: Total CPU time (on all processors): 00:01:18


